0 info it worked if it ends with ok
1 verbose cli [ 'D:\\Lang\\nodejs\\node.exe',
1 verbose cli   'D:\\Lang\\nodejs\\node_modules\\npm\\bin\\npm-cli.js',
1 verbose cli   'install',
1 verbose cli   'n',
1 verbose cli   '-g' ]
2 info using npm@3.10.3
3 info using node@v6.7.0
4 silly loadCurrentTree Starting
5 silly install loadCurrentTree
6 silly install readGlobalPackageData
7 silly fetchPackageMetaData n
8 silly fetchNamedPackageData n
9 silly mapToRegistry name n
10 silly mapToRegistry using default registry
11 silly mapToRegistry registry https://registry.npmjs.org/
12 silly mapToRegistry data Result {
12 silly mapToRegistry   raw: 'n',
12 silly mapToRegistry   scope: null,
12 silly mapToRegistry   escapedName: 'n',
12 silly mapToRegistry   name: 'n',
12 silly mapToRegistry   rawSpec: '',
12 silly mapToRegistry   spec: 'latest',
12 silly mapToRegistry   type: 'tag' }
13 silly mapToRegistry uri https://registry.npmjs.org/n
14 verbose request uri https://registry.npmjs.org/n
15 verbose request no auth needed
16 info attempt registry request try #1 at 16:15:40
17 verbose request id c9925094c3789036
18 http request GET https://registry.npmjs.org/n
19 http 200 https://registry.npmjs.org/n
20 verbose headers { date: 'Sat, 16 Nov 2019 15:15:40 GMT',
20 verbose headers   'content-type': 'application/json',
20 verbose headers   'transfer-encoding': 'chunked',
20 verbose headers   connection: 'keep-alive',
20 verbose headers   'set-cookie': [ '__cfduid=dcbac56a4cf35a439e40f44884592a6901573917340; expires=Sun, 15-Nov-20 15:15:40 GMT; path=/; domain=.npmjs.org; HttpOnly' ],
20 verbose headers   'cf-cache-status': 'HIT',
20 verbose headers   'cache-control': 'max-age=300',
20 verbose headers   'cf-ray': '536a6bf20e10d721-FRA',
20 verbose headers   age: '2156',
20 verbose headers   etag: 'W/"9b242632a588c972ad4cc7a9d3cc1661"',
20 verbose headers   'expect-ct': 'max-age=604800, report-uri="https://report-uri.cloudflare.com/cdn-cgi/beacon/expect-ct"',
20 verbose headers   'last-modified': 'Sat, 16 Nov 2019 03:30:40 GMT',
20 verbose headers   vary: 'accept-encoding, accept',
20 verbose headers   'x-amz-meta-rev': '383-d4cd7d2274efda432cdbf23f235d622f',
20 verbose headers   server: 'cloudflare',
20 verbose headers   'content-encoding': 'gzip' }
21 silly get cb [ 200,
21 silly get   { date: 'Sat, 16 Nov 2019 15:15:40 GMT',
21 silly get     'content-type': 'application/json',
21 silly get     'transfer-encoding': 'chunked',
21 silly get     connection: 'keep-alive',
21 silly get     'set-cookie': [ '__cfduid=dcbac56a4cf35a439e40f44884592a6901573917340; expires=Sun, 15-Nov-20 15:15:40 GMT; path=/; domain=.npmjs.org; HttpOnly' ],
21 silly get     'cf-cache-status': 'HIT',
21 silly get     'cache-control': 'max-age=300',
21 silly get     'cf-ray': '536a6bf20e10d721-FRA',
21 silly get     age: '2156',
21 silly get     etag: 'W/"9b242632a588c972ad4cc7a9d3cc1661"',
21 silly get     'expect-ct': 'max-age=604800, report-uri="https://report-uri.cloudflare.com/cdn-cgi/beacon/expect-ct"',
21 silly get     'last-modified': 'Sat, 16 Nov 2019 03:30:40 GMT',
21 silly get     vary: 'accept-encoding, accept',
21 silly get     'x-amz-meta-rev': '383-d4cd7d2274efda432cdbf23f235d622f',
21 silly get     server: 'cloudflare',
21 silly get     'content-encoding': 'gzip' } ]
22 verbose get saving n to C:\Users\Daniel\AppData\Roaming\npm-cache\registry.npmjs.org\n\.cache.json
23 verbose correctMkdir C:\Users\Daniel\AppData\Roaming\npm-cache correctMkdir not in flight; initializing
24 silly install normalizeTree
25 silly loadCurrentTree Finishing
26 silly loadIdealTree Starting
27 silly install loadIdealTree
28 silly cloneCurrentTree Starting
29 silly install cloneCurrentTreeToIdealTree
30 silly cloneCurrentTree Finishing
31 silly loadShrinkwrap Starting
32 silly install loadShrinkwrap
33 silly loadShrinkwrap Finishing
34 silly loadAllDepsIntoIdealTree Starting
35 silly install loadAllDepsIntoIdealTree
36 silly rollbackFailedOptional Starting
37 silly rollbackFailedOptional Finishing
38 silly runTopLevelLifecycles Starting
39 silly runTopLevelLifecycles Finishing
40 silly install printInstalled
41 verbose stack Error: Unsupported platform for n@6.1.2: wanted {"name":"n","description":"Interactively Manage All Your Node Versions","version":"6.1.2","author":{"name":"TJ Holowaychuk","email":"tj@vision-media.ca"},"homepage":"https://github.com/tj/n","bugs":{"url":"https://github.com/tj/n/issues"},"contributors":[{"name":"Travis Webb","email":"me@traviswebb.com"},{"name":"Nimit Kalra","email":"me@nimit.io","url":"http://nimit.io"},{"name":"Troy Connor","email":"troy0820@gmail.com","url":"https://github.com/troy0820"}],"keywords":["nvm","node","version","manager","switcher","node","binary","env"],"bin":{"n":"./bin/n"},"repository":{"type":"git","url":"git://github.com/tj/n.git"},"scripts":{"test":"test/bin/run-all-tests"},"devDependencies":{"bats":"^1.1.0"},"preferGlobal":true,"os":["!win32"],"engines":{"node":"*"},"license":"MIT","gitHead":"2d86b67bff676c1e2ec9f7186591041fd53c24d9","_id":"n@6.1.2","_nodeVersion":"12.13.0","_npmVersion":"6.12.0","dist":{"integrity":"sha512-UuWEEZBLNzN7vR19H31SaHzenu07wyfZ0QaCDcuUMUANjGAhS/BO6Z5E5p56YbvyvPOZ4bNdLwTmq++/pWxc1Q==","shasum":"94e20a9999c99c4849cc82524e39baada2028dcf","tarball":"https://registry.npmjs.org/n/-/n-6.1.2.tgz","fileCount":5,"unpackedSize":52952,"npm-signature":"-----BEGIN PGP SIGNATURE-----\r\nVersion: OpenPGP.js v3.0.4\r\nComment: https://openpgpjs.org\r\n\r\nwsFcBAEBCAAQBQJdz21dCRA9TVsSAnZWagAAH/UP/0vySe5bZxQ4Q1+ODnth\nyKcQ8n1T5pbQ2R4+g+kzxVruh+e+WJGv4EFNMCIqWvKXZuana8084RZBfaI+\ndw4yfIS83xFe1nRpfF/CK8GJkt7pm3lzew3pA6UyKOraMIQ+yIAkxX7nld+8\npZ3W5sLGr5vv7NDbb4Q+7sCKthJo1SwxIYnnekR0ConfRd6ZvI6tF3y1MPOX\nQDusCqHz74ionnWxLYxQ11ym4DshqLbGC2OGExsBninXawIdtYrdazRDgbHM\nFFNGEHtnJboY7jZCIFWVEr8jM+ktHQGGIJ4lQSQ9X7dxJ1hRr3Mzt0v+uioA\nZUoHX18dbKPUAJIuCZ0ZslNzdhhjut8g4FOnysze9jEimRiPCIBDNNpkGwZe\nzqnUMB+tZpDIq0AfcynIj8O1YHrOnt1ruA367iEX0xICpG8luM/Gx3hHBrvZ\nelZugc0RaCeHd7GIQ7iURVKTjwSC4MPGdZldmJSMAQ6SG0TMfol+qzTVUgUo\nqiyQ2hlh+3XWxSTIYAI0O3D9MAp7qOuPYFgBrG7H2xHj/Qa6mf5rHS8C2Gfc\nT9U0+kXbiBSt+nxtdwso0No4PT1TGyY8qvcoz74asAMNfjq6sfPbV/u5w1Dw\nvxGnrOylzUBlcPueXhUU5mzV3dpnbvIe1XH+S+cvLHnYi4zpI+eG6kI/pa63\nyHoo\r\n=DhN7\r\n-----END PGP SIGNATURE-----\r\n"},"maintainers":[{"name":"bat","email":"ben@benatkin.com"},{"name":"qw3rtman","email":"me@nimit.io"},{"name":"shadowspawn","email":"npm_j@ruru.gen.nz"},{"name":"tedgaydos","email":"tedgaydos@gmail.com"},{"name":"tjholowaychuk","email":"tj@vision-media.ca"},{"name":"tjwebb","email":"me@traviswebb.com"},{"name":"troy0820","email":"troy0820@gmail.com"}],"_npmUser":{"name":"shadowspawn","email":"npm_j@ruru.gen.nz"},"directories":{},"_npmOperationalInternal":{"host":"s3://npm-registry-packages","tmp":"tmp/n_6.1.2_1573875036569_0.6169050000010305"},"_hasShrinkwrap":false,"_from":"n","_resolved":"https://registry.npmjs.org/n/-/n-6.1.2.tgz","_shasum":"94e20a9999c99c4849cc82524e39baada2028dcf","_requested":{"raw":"n","scope":null,"escapedName":"n","name":"n","rawSpec":"","spec":"latest","type":"tag"},"_spec":"n","_where":"","_args":[[{"raw":"n","scope":null,"escapedName":"n","name":"n","rawSpec":"","spec":"latest","type":"tag"},""]],"readme":"ERROR: No README data found!"} (current: {"os":"win32","cpu":"x64"})
41 verbose stack     at checkPlatform (D:\Lang\nodejs\node_modules\npm\node_modules\npm-install-checks\index.js:45:14)
41 verbose stack     at thenWarnEngineIssues (D:\Lang\nodejs\node_modules\npm\lib\install\validate-args.js:41:5)
41 verbose stack     at D:\Lang\nodejs\node_modules\npm\node_modules\iferr\index.js:13:50
41 verbose stack     at checkEngine (D:\Lang\nodejs\node_modules\npm\node_modules\npm-install-checks\index.js:24:10)
41 verbose stack     at module.exports.isInstallable (D:\Lang\nodejs\node_modules\npm\lib\install\validate-args.js:38:3)
41 verbose stack     at Array.<anonymous> (D:\Lang\nodejs\node_modules\npm\node_modules\slide\lib\bind-actor.js:15:8)
41 verbose stack     at LOOP (D:\Lang\nodejs\node_modules\npm\node_modules\slide\lib\chain.js:15:14)
41 verbose stack     at D:\Lang\nodejs\node_modules\npm\node_modules\slide\lib\chain.js:18:7
41 verbose stack     at checkSelf (D:\Lang\nodejs\node_modules\npm\lib\install\validate-args.js:46:72)
41 verbose stack     at Array.<anonymous> (D:\Lang\nodejs\node_modules\npm\node_modules\slide\lib\bind-actor.js:15:8)
42 verbose pkgid n@6.1.2
43 verbose cwd D:\Code\dimos
44 error Windows_NT 10.0.18362
45 error argv "D:\\Lang\\nodejs\\node.exe" "D:\\Lang\\nodejs\\node_modules\\npm\\bin\\npm-cli.js" "install" "n" "-g"
46 error node v6.7.0
47 error npm  v3.10.3
48 error code EBADPLATFORM
49 error notsup Not compatible with your operating system or architecture: n@6.1.2
50 error notsup Valid OS:    !win32
50 error notsup Valid Arch:  any
50 error notsup Actual OS:   win32
50 error notsup Actual Arch: x64
51 verbose exit [ 1, true ]
